# JRE version: OpenJDK Runtime Environment (8.0_152) (build 1.8.0_152-release-1343-b16-5323222)
# Java VM: OpenJDK 64-Bit Server VM (25.152-b16-5323222 mixed mode linux-amd64 compressed oops)
Heap:
 PSYoungGen      total 448000K, used 0K [0x00000000e0000000, 0x0000000100000000, 0x0000000100000000)
  eden space 380416K, 0% used [0x00000000e0000000,0x00000000e0000000,0x00000000f7380000)
  from space 67584K, 0% used [0x00000000f7380000,0x00000000f7380000,0x00000000fb580000)
  to   space 66560K, 0% used [0x00000000fbf00000,0x00000000fbf00000,0x0000000100000000)
 ParOldGen       total 259072K, used 159121K [0x00000000a0000000, 0x00000000afd00000, 0x00000000e0000000)
  object space 259072K, 61% used [0x00000000a0000000,0x00000000a9b647d8,0x00000000afd00000)
 Metaspace       used 168530K, capacity 178536K, committed 199024K, reserved 1222656K
  class space    used 20864K, capacity 22635K, committed 25512K, reserved 1048576K
GC Heap History (10 events):
Event: 8158.770 GC heap after
Heap after GC invocations=62 (full 5):
 PSYoungGen      total 437760K, used 26129K [0x00000000e0000000, 0x00000000ffc00000, 0x0000000100000000)
  eden space 359936K, 0% used [0x00000000e0000000,0x00000000e0000000,0x00000000f5f80000)
  from space 77824K, 33% used [0x00000000f5f80000,0x00000000f7904700,0x00000000fab80000)
  to   space 73728K, 0% used [0x00000000fb400000,0x00000000fb400000,0x00000000ffc00000)
 ParOldGen       total 259072K, used 187562K [0x00000000a0000000, 0x00000000afd00000, 0x00000000e0000000)
  object space 259072K, 72% used [0x00000000a0000000,0x00000000ab72a928,0x00000000afd00000)
 Metaspace       used 186291K, capacity 198654K, committed 198768K, reserved 1222656K
  class space    used 23272K, capacity 25411K, committed 25512K, reserved 1048576K
}
Event: 8158.943 GC heap before
{Heap before GC invocations=63 (full 5):
 PSYoungGen      total 437760K, used 386065K [0x00000000e0000000, 0x00000000ffc00000, 0x0000000100000000)
  eden space 359936K, 100% used [0x00000000e0000000,0x00000000f5f80000,0x00000000f5f80000)
  from space 77824K, 33% used [0x00000000f5f80000,0x00000000f7904700,0x00000000fab80000)
  to   space 73728K, 0% used [0x00000000fb400000,0x00000000fb400000,0x00000000ffc00000)
 ParOldGen       total 259072K, used 187574K [0x00000000a0000000, 0x00000000afd00000, 0x00000000e0000000)
  object space 259072K, 72% used [0x00000000a0000000,0x00000000ab72da18,0x00000000afd00000)
 Metaspace       used 186305K, capacity 198654K, committed 198768K, reserved 1222656K
  class space    used 23272K, capacity 25411K, committed 25512K, reserved 1048576K
Event: 8158.967 GC heap after
Heap after GC invocations=63 (full 5):
 PSYoungGen      total 442368K, used 15006K [0x00000000e0000000, 0x00000000ff800000, 0x0000000100000000)
  eden space 372736K, 0% used [0x00000000e0000000,0x00000000e0000000,0x00000000f6c00000)
  from space 69632K, 21% used [0x00000000fb400000,0x00000000fc2a7aa0,0x00000000ff800000)
  to   space 71680K, 0% used [0x00000000f6c00000,0x00000000f6c00000,0x00000000fb200000)
 ParOldGen       total 259072K, used 206432K [0x00000000a0000000, 0x00000000afd00000, 0x00000000e0000000)
  object space 259072K, 79% used [0x00000000a0000000,0x00000000ac998158,0x00000000afd00000)
 Metaspace       used 186305K, capacity 198654K, committed 198768K, reserved 1222656K
  class space    used 23272K, capacity 25411K, committed 25512K, reserved 1048576K
}
Event: 8158.973 GC heap before
{Heap before GC invocations=64 (full 5):
 PSYoungGen      total 442368K, used 32057K [0x00000000e0000000, 0x00000000ff800000, 0x0000000100000000)
  eden space 372736K, 4% used [0x00000000e0000000,0x00000000e10a6ba8,0x00000000f6c00000)
  from space 69632K, 21% used [0x00000000fb400000,0x00000000fc2a7aa0,0x00000000ff800000)
  to   space 71680K, 0% used [0x00000000f6c00000,0x00000000f6c00000,0x00000000fb200000)
 ParOldGen       total 259072K, used 206432K [0x00000000a0000000, 0x00000000afd00000, 0x00000000e0000000)
  object space 259072K, 79% used [0x00000000a0000000,0x00000000ac998158,0x00000000afd00000)
 Metaspace       used 186307K, capacity 198654K, committed 198768K, reserved 1222656K
  class space    used 23272K, capacity 25411K, committed 25512K, reserved 1048576K
Event: 8158.984 GC heap after
Heap after GC invocations=64 (full 5):
 PSYoungGen      total 444416K, used 960K [0x00000000e0000000, 0x0000000100000000, 0x0000000100000000)
  eden space 372736K, 0% used [0x00000000e0000000,0x00000000e0000000,0x00000000f6c00000)
  from space 71680K, 1% used [0x00000000f6c00000,0x00000000f6cf0000,0x00000000fb200000)
  to   space 72192K, 0% used [0x00000000fb980000,0x00000000fb980000,0x0000000100000000)
 ParOldGen       total 259072K, used 220841K [0x00000000a0000000, 0x00000000afd00000, 0x00000000e0000000)
  object space 259072K, 85% used [0x00000000a0000000,0x00000000ad7aa740,0x00000000afd00000)
 Metaspace       used 186307K, capacity 198654K, committed 198768K, reserved 1222656K
  class space    used 23272K, capacity 25411K, committed 25512K, reserved 1048576K
}
Event: 8159.147 GC heap before
{Heap before GC invocations=65 (full 5):
 PSYoungGen      total 444416K, used 373696K [0x00000000e0000000, 0x0000000100000000, 0x0000000100000000)
  eden space 372736K, 100% used [0x00000000e0000000,0x00000000f6c00000,0x00000000f6c00000)
  from space 71680K, 1% used [0x00000000f6c00000,0x00000000f6cf0000,0x00000000fb200000)
  to   space 72192K, 0% used [0x00000000fb980000,0x00000000fb980000,0x0000000100000000)
 ParOldGen       total 259072K, used 220841K [0x00000000a0000000, 0x00000000afd00000, 0x00000000e0000000)
  object space 259072K, 85% used [0x00000000a0000000,0x00000000ad7aa740,0x00000000afd00000)
 Metaspace       used 186310K, capacity 198658K, committed 198768K, reserved 1222656K
  class space    used 23272K, capacity 25411K, committed 25512K, reserved 1048576K
Event: 8159.164 GC heap after
Heap after GC invocations=65 (full 5):
 PSYoungGen      total 443904K, used 26333K [0x00000000e0000000, 0x00000000ff780000, 0x0000000100000000)
  eden space 380416K, 0% used [0x00000000e0000000,0x00000000e0000000,0x00000000f7380000)
  from space 63488K, 41% used [0x00000000fb980000,0x00000000fd337400,0x00000000ff780000)
  to   space 67584K, 0% used [0x00000000f7380000,0x00000000f7380000,0x00000000fb580000)
 ParOldGen       total 259072K, used 221142K [0x00000000a0000000, 0x00000000afd00000, 0x00000000e0000000)
  object space 259072K, 85% used [0x00000000a0000000,0x00000000ad7f5b00,0x00000000afd00000)
 Metaspace       used 186310K, capacity 198658K, committed 198768K, reserved 1222656K
  class space    used 23272K, capacity 25411K, committed 25512K, reserved 1048576K
}
Event: 8159.333 GC heap before
{Heap before GC invocations=66 (full 5):
 PSYoungGen      total 443904K, used 406749K [0x00000000e0000000, 0x00000000ff780000, 0x0000000100000000)
  eden space 380416K, 100% used [0x00000000e0000000,0x00000000f7380000,0x00000000f7380000)
  from space 63488K, 41% used [0x00000000fb980000,0x00000000fd337400,0x00000000ff780000)
  to   space 67584K, 0% used [0x00000000f7380000,0x00000000f7380000,0x00000000fb580000)
 ParOldGen       total 259072K, used 221142K [0x00000000a0000000, 0x00000000afd00000, 0x00000000e0000000)
  object space 259072K, 85% used [0x00000000a0000000,0x00000000ad7f5b00,0x00000000afd00000)
 Metaspace       used 186315K, capacity 198722K, committed 199024K, reserved 1222656K
  class space    used 23272K, capacity 25411K, committed 25512K, reserved 1048576K
Event: 8159.348 GC heap after
Heap after GC invocations=66 (full 5):
 PSYoungGen      total 448000K, used 7631K [0x00000000e0000000, 0x0000000100000000, 0x0000000100000000)
  eden space 380416K, 0% used [0x00000000e0000000,0x00000000e0000000,0x00000000f7380000)
  from space 67584K, 11% used [0x00000000f7380000,0x00000000f7af3c88,0x00000000fb580000)
  to   space 66560K, 0% used [0x00000000fbf00000,0x00000000fbf00000,0x0000000100000000)
 ParOldGen       total 259072K, used 242810K [0x00000000a0000000, 0x00000000afd00000, 0x00000000e0000000)
  object space 259072K, 93% used [0x00000000a0000000,0x00000000aed1e848,0x00000000afd00000)
 Metaspace       used 186315K, capacity 198722K, committed 199024K, reserved 1222656K
  class space    used 23272K, capacity 25411K, committed 25512K, reserved 1048576K
}
Event: 8159.348 GC heap before
{Heap before GC invocations=67 (full 6):
 PSYoungGen      total 448000K, used 7631K [0x00000000e0000000, 0x0000000100000000, 0x0000000100000000)
  eden space 380416K, 0% used [0x00000000e0000000,0x00000000e0000000,0x00000000f7380000)
  from space 67584K, 11% used [0x00000000f7380000,0x00000000f7af3c88,0x00000000fb580000)
  to   space 66560K, 0% used [0x00000000fbf00000,0x00000000fbf00000,0x0000000100000000)
 ParOldGen       total 259072K, used 242810K [0x00000000a0000000, 0x00000000afd00000, 0x00000000e0000000)
  object space 259072K, 93% used [0x00000000a0000000,0x00000000aed1e848,0x00000000afd00000)
 Metaspace       used 186315K, capacity 198722K, committed 199024K, reserved 1222656K
  class space    used 23272K, capacity 25411K, committed 25512K, reserved 1048576K

